[0.498s] DEBUG:colcon:Command line arguments: ['/usr/bin/colcon', 'build']
[0.499s] DEBUG:colcon:Parsed command line arguments: Namespace(log_base=None, log_level=None, verb_name='build', build_base='build', install_base='install', merge_install=False, symlink_install=False, test_result_base=None, continue_on_error=False, executor='parallel', parallel_workers=8, event_handlers=None, ignore_user_meta=False, metas=['./colcon.meta'], base_paths=['.'], packages_ignore=None, packages_ignore_regex=None, paths=None, packages_up_to=None, packages_up_to_regex=None, packages_above=None, packages_above_and_dependencies=None, packages_above_depth=None, packages_select_by_dep=None, packages_skip_by_dep=None, packages_skip_up_to=None, packages_select_build_failed=False, packages_skip_build_finished=False, packages_select_test_failures=False, packages_skip_test_passed=False, packages_select=None, packages_skip=None, packages_select_regex=None, packages_skip_regex=None, packages_start=None, packages_end=None, allow_overriding=[], cmake_args=None, cmake_target=None, cmake_target_skip_unavailable=False, cmake_clean_cache=False, cmake_clean_first=False, cmake_force_configure=False, ament_cmake_args=None, catkin_cmake_args=None, catkin_skip_building_tests=False, verb_parser=<colcon_defaults.argument_parser.defaults.DefaultArgumentsDecorator object at 0x77dc7ca2ac50>, verb_extension=<colcon_core.verb.build.BuildVerb object at 0x77dc7cb74040>, main=<bound method BuildVerb.main of <colcon_core.verb.build.BuildVerb object at 0x77dc7cb74040>>)
[1.077s] Level 1:colcon.colcon_core.package_discovery:discover_packages(colcon_meta) check parameters
[1.077s] Level 1:colcon.colcon_core.package_discovery:discover_packages(recursive) check parameters
[1.077s] Level 1:colcon.colcon_core.package_discovery:discover_packages(ignore) check parameters
[1.077s] Level 1:colcon.colcon_core.package_discovery:discover_packages(path) check parameters
[1.077s] Level 1:colcon.colcon_core.package_discovery:discover_packages(colcon_meta) discover
[1.077s] Level 1:colcon.colcon_core.package_discovery:discover_packages(recursive) discover
[1.078s] INFO:colcon.colcon_core.package_discovery:Crawling recursively for packages in '/home/yuxuan/ros2_ws/src/ROS2_wear_weather'
[1.078s] Level 1:colcon.colcon_core.package_identification:_identify(.) by extensions ['ignore', 'ignore_ament_install']
[1.078s] Level 1:colcon.colcon_core.package_identification:_identify(.) by extension 'ignore'
[1.078s] Level 1:colcon.colcon_core.package_identification:_identify(.) by extension 'ignore_ament_install'
[1.078s] Level 1:colcon.colcon_core.package_identification:_identify(.) by extensions ['colcon_pkg']
[1.078s] Level 1:colcon.colcon_core.package_identification:_identify(.) by extension 'colcon_pkg'
[1.078s] Level 1:colcon.colcon_core.package_identification:_identify(.) by extensions ['colcon_meta']
[1.078s] Level 1:colcon.colcon_core.package_identification:_identify(.) by extension 'colcon_meta'
[1.078s] Level 1:colcon.colcon_core.package_identification:_identify(.) by extensions ['ros']
[1.078s] Level 1:colcon.colcon_core.package_identification:_identify(.) by extension 'ros'
[1.107s] Level 1:colcon.colcon_core.package_identification:_identify(.) by extensions ['cmake', 'python']
[1.107s] Level 1:colcon.colcon_core.package_identification:_identify(.) by extension 'cmake'
[1.107s] Level 1:colcon.colcon_core.package_identification:_identify(.) by extension 'python'
[1.107s] Level 1:colcon.colcon_core.package_identification:_identify(.) by extensions ['python_setup_py']
[1.107s] Level 1:colcon.colcon_core.package_identification:_identify(.) by extension 'python_setup_py'
[1.107s] Level 1:colcon.colcon_core.package_identification:_identify(build) by extensions ['ignore', 'ignore_ament_install']
[1.107s] Level 1:colcon.colcon_core.package_identification:_identify(build) by extension 'ignore'
[1.107s] Level 1:colcon.colcon_core.package_identification:_identify(build) ignored
[1.108s] Level 1:colcon.colcon_core.package_identification:_identify(install) by extensions ['ignore', 'ignore_ament_install']
[1.108s] Level 1:colcon.colcon_core.package_identification:_identify(install) by extension 'ignore'
[1.108s] Level 1:colcon.colcon_core.package_identification:_identify(install) ignored
[1.109s] Level 1:colcon.colcon_core.package_identification:_identify(log) by extensions ['ignore', 'ignore_ament_install']
[1.109s] Level 1:colcon.colcon_core.package_identification:_identify(log) by extension 'ignore'
[1.109s] Level 1:colcon.colcon_core.package_identification:_identify(log) ignored
[1.110s] Level 1:colcon.colcon_core.package_identification:_identify(wear_advisor) by extensions ['ignore', 'ignore_ament_install']
[1.110s] Level 1:colcon.colcon_core.package_identification:_identify(wear_advisor) by extension 'ignore'
[1.110s] Level 1:colcon.colcon_core.package_identification:_identify(wear_advisor) by extension 'ignore_ament_install'
[1.110s] Level 1:colcon.colcon_core.package_identification:_identify(wear_advisor) by extensions ['colcon_pkg']
[1.110s] Level 1:colcon.colcon_core.package_identification:_identify(wear_advisor) by extension 'colcon_pkg'
[1.110s] Level 1:colcon.colcon_core.package_identification:_identify(wear_advisor) by extensions ['colcon_meta']
[1.110s] Level 1:colcon.colcon_core.package_identification:_identify(wear_advisor) by extension 'colcon_meta'
[1.110s] Level 1:colcon.colcon_core.package_identification:_identify(wear_advisor) by extensions ['ros']
[1.110s] Level 1:colcon.colcon_core.package_identification:_identify(wear_advisor) by extension 'ros'
[1.117s] DEBUG:colcon.colcon_core.package_identification:Package 'wear_advisor' with type 'ros.ament_python' and name 'wear_advisor'
[1.117s] Level 1:colcon.colcon_core.package_discovery:discover_packages(recursive) using defaults
[1.117s] Level 1:colcon.colcon_core.package_discovery:discover_packages(ignore) discover
[1.117s] Level 1:colcon.colcon_core.package_discovery:discover_packages(ignore) using defaults
[1.117s] Level 1:colcon.colcon_core.package_discovery:discover_packages(path) discover
[1.117s] Level 1:colcon.colcon_core.package_discovery:discover_packages(path) using defaults
[1.178s] Level 1:colcon.colcon_core.package_discovery:discover_packages(prefix_path) check parameters
[1.178s] Level 1:colcon.colcon_core.package_discovery:discover_packages(prefix_path) discover
[1.187s] DEBUG:colcon.colcon_installed_package_information.package_discovery:Found 2 installed packages in /home/yuxuan/ros2_ws/install
[1.190s] DEBUG:colcon.colcon_installed_package_information.package_discovery:Found 271 installed packages in /opt/ros/humble
[1.193s] Level 1:colcon.colcon_core.package_discovery:discover_packages(prefix_path) using defaults
[1.349s] Level 5:colcon.colcon_core.verb:set package 'wear_advisor' build argument 'cmake_args' from command line to 'None'
[1.349s] Level 5:colcon.colcon_core.verb:set package 'wear_advisor' build argument 'cmake_target' from command line to 'None'
[1.349s] Level 5:colcon.colcon_core.verb:set package 'wear_advisor' build argument 'cmake_target_skip_unavailable' from command line to 'False'
[1.350s] Level 5:colcon.colcon_core.verb:set package 'wear_advisor' build argument 'cmake_clean_cache' from command line to 'False'
[1.350s] Level 5:colcon.colcon_core.verb:set package 'wear_advisor' build argument 'cmake_clean_first' from command line to 'False'
[1.350s] Level 5:colcon.colcon_core.verb:set package 'wear_advisor' build argument 'cmake_force_configure' from command line to 'False'
[1.350s] Level 5:colcon.colcon_core.verb:set package 'wear_advisor' build argument 'ament_cmake_args' from command line to 'None'
[1.350s] Level 5:colcon.colcon_core.verb:set package 'wear_advisor' build argument 'catkin_cmake_args' from command line to 'None'
[1.350s] Level 5:colcon.colcon_core.verb:set package 'wear_advisor' build argument 'catkin_skip_building_tests' from command line to 'False'
[1.350s] DEBUG:colcon.colcon_core.verb:Building package 'wear_advisor' with the following arguments: {'ament_cmake_args': None, 'build_base': '/home/yuxuan/ros2_ws/src/ROS2_wear_weather/build/wear_advisor', 'catkin_cmake_args': None, 'catkin_skip_building_tests': False, 'cmake_args': None, 'cmake_clean_cache': False, 'cmake_clean_first': False, 'cmake_force_configure': False, 'cmake_target': None, 'cmake_target_skip_unavailable': False, 'install_base': '/home/yuxuan/ros2_ws/src/ROS2_wear_weather/install/wear_advisor', 'merge_install': False, 'path': '/home/yuxuan/ros2_ws/src/ROS2_wear_weather/wear_advisor', 'symlink_install': False, 'test_result_base': None}
[1.350s] INFO:colcon.colcon_core.executor:Executing jobs using 'parallel' executor
[1.352s] DEBUG:colcon.colcon_parallel_executor.executor.parallel:run_until_complete
[1.353s] INFO:colcon.colcon_ros.task.ament_python.build:Building ROS package in '/home/yuxuan/ros2_ws/src/ROS2_wear_weather/wear_advisor' with build type 'ament_python'
[1.353s] Level 1:colcon.colcon_core.shell:create_environment_hook('wear_advisor', 'ament_prefix_path')
[1.364s] INFO:colcon.colcon_core.plugin_system:Skipping extension 'colcon_core.shell.bat': Not used on non-Windows systems
[1.365s] INFO:colcon.colcon_core.shell:Creating environment hook '/home/yuxuan/ros2_ws/src/ROS2_wear_weather/install/wear_advisor/share/wear_advisor/hook/ament_prefix_path.ps1'
[1.372s] INFO:colcon.colcon_core.shell:Creating environment descriptor '/home/yuxuan/ros2_ws/src/ROS2_wear_weather/install/wear_advisor/share/wear_advisor/hook/ament_prefix_path.dsv'
[1.374s] INFO:colcon.colcon_core.shell:Creating environment hook '/home/yuxuan/ros2_ws/src/ROS2_wear_weather/install/wear_advisor/share/wear_advisor/hook/ament_prefix_path.sh'
[1.376s] INFO:colcon.colcon_core.shell:Skip shell extension 'powershell' for command environment: Not usable outside of PowerShell
[1.377s] DEBUG:colcon.colcon_core.shell:Skip shell extension 'dsv' for command environment
[1.786s] INFO:colcon.colcon_core.task.python.build:Building Python package in '/home/yuxuan/ros2_ws/src/ROS2_wear_weather/wear_advisor'
[1.787s] INFO:colcon.colcon_core.shell:Skip shell extension 'powershell' for command environment: Not usable outside of PowerShell
[1.787s] DEBUG:colcon.colcon_core.shell:Skip shell extension 'dsv' for command environment
[2.362s] DEBUG:colcon.colcon_core.event_handler.log_command:Invoking command in '/home/yuxuan/ros2_ws/src/ROS2_wear_weather/wear_advisor': PYTHONPATH=/home/yuxuan/ros2_ws/src/ROS2_wear_weather/build/wear_advisor/prefix_override:/usr/lib/python3/dist-packages/colcon_core/task/python/colcon_distutils_commands:/home/yuxuan/ros2_ws/src/ROS2_wear_weather/install/wear_advisor/lib/python3.10/site-packages:${PYTHONPATH} /usr/bin/python3 -W ignore:setup.py install is deprecated -W ignore:easy_install command is deprecated setup.py egg_info --egg-base ../build/wear_advisor build --build-base /home/yuxuan/ros2_ws/src/ROS2_wear_weather/build/wear_advisor/build install --record /home/yuxuan/ros2_ws/src/ROS2_wear_weather/build/wear_advisor/install.log --single-version-externally-managed install_data
[2.825s] DEBUG:colcon.colcon_core.event_handler.log_command:Invoked command in '/home/yuxuan/ros2_ws/src/ROS2_wear_weather/wear_advisor' returned '0': PYTHONPATH=/home/yuxuan/ros2_ws/src/ROS2_wear_weather/build/wear_advisor/prefix_override:/usr/lib/python3/dist-packages/colcon_core/task/python/colcon_distutils_commands:/home/yuxuan/ros2_ws/src/ROS2_wear_weather/install/wear_advisor/lib/python3.10/site-packages:${PYTHONPATH} /usr/bin/python3 -W ignore:setup.py install is deprecated -W ignore:easy_install command is deprecated setup.py egg_info --egg-base ../build/wear_advisor build --build-base /home/yuxuan/ros2_ws/src/ROS2_wear_weather/build/wear_advisor/build install --record /home/yuxuan/ros2_ws/src/ROS2_wear_weather/build/wear_advisor/install.log --single-version-externally-managed install_data
[2.835s] Level 1:colcon.colcon_core.environment:checking '/home/yuxuan/ros2_ws/src/ROS2_wear_weather/install/wear_advisor' for CMake module files
[2.837s] Level 1:colcon.colcon_core.environment:checking '/home/yuxuan/ros2_ws/src/ROS2_wear_weather/install/wear_advisor' for CMake config files
[2.839s] Level 1:colcon.colcon_core.environment:checking '/home/yuxuan/ros2_ws/src/ROS2_wear_weather/install/wear_advisor/lib'
[2.839s] Level 1:colcon.colcon_core.environment:checking '/home/yuxuan/ros2_ws/src/ROS2_wear_weather/install/wear_advisor/bin'
[2.839s] Level 1:colcon.colcon_core.environment:checking '/home/yuxuan/ros2_ws/src/ROS2_wear_weather/install/wear_advisor/lib/pkgconfig/wear_advisor.pc'
[2.840s] Level 1:colcon.colcon_core.environment:checking '/home/yuxuan/ros2_ws/src/ROS2_wear_weather/install/wear_advisor/lib/python3.10/site-packages'
[2.841s] Level 1:colcon.colcon_core.shell:create_environment_hook('wear_advisor', 'pythonpath')
[2.841s] INFO:colcon.colcon_core.shell:Creating environment hook '/home/yuxuan/ros2_ws/src/ROS2_wear_weather/install/wear_advisor/share/wear_advisor/hook/pythonpath.ps1'
[2.842s] INFO:colcon.colcon_core.shell:Creating environment descriptor '/home/yuxuan/ros2_ws/src/ROS2_wear_weather/install/wear_advisor/share/wear_advisor/hook/pythonpath.dsv'
[2.843s] INFO:colcon.colcon_core.shell:Creating environment hook '/home/yuxuan/ros2_ws/src/ROS2_wear_weather/install/wear_advisor/share/wear_advisor/hook/pythonpath.sh'
[2.846s] Level 1:colcon.colcon_core.environment:checking '/home/yuxuan/ros2_ws/src/ROS2_wear_weather/install/wear_advisor/bin'
[2.846s] Level 1:colcon.colcon_core.environment:create_environment_scripts_only(wear_advisor)
[2.846s] INFO:colcon.colcon_core.shell:Creating package script '/home/yuxuan/ros2_ws/src/ROS2_wear_weather/install/wear_advisor/share/wear_advisor/package.ps1'
[2.850s] INFO:colcon.colcon_core.shell:Creating package descriptor '/home/yuxuan/ros2_ws/src/ROS2_wear_weather/install/wear_advisor/share/wear_advisor/package.dsv'
[2.851s] INFO:colcon.colcon_core.shell:Creating package script '/home/yuxuan/ros2_ws/src/ROS2_wear_weather/install/wear_advisor/share/wear_advisor/package.sh'
[2.854s] INFO:colcon.colcon_core.shell:Creating package script '/home/yuxuan/ros2_ws/src/ROS2_wear_weather/install/wear_advisor/share/wear_advisor/package.bash'
[2.856s] INFO:colcon.colcon_core.shell:Creating package script '/home/yuxuan/ros2_ws/src/ROS2_wear_weather/install/wear_advisor/share/wear_advisor/package.zsh'
[2.858s] Level 1:colcon.colcon_core.environment:create_file_with_runtime_dependencies(/home/yuxuan/ros2_ws/src/ROS2_wear_weather/install/wear_advisor/share/colcon-core/packages/wear_advisor)
[2.862s] DEBUG:colcon.colcon_parallel_executor.executor.parallel:closing loop
[2.863s] DEBUG:colcon.colcon_parallel_executor.executor.parallel:loop closed
[2.864s] DEBUG:colcon.colcon_parallel_executor.executor.parallel:run_until_complete finished with '0'
[2.864s] DEBUG:colcon.colcon_core.event_reactor:joining thread
[2.920s] INFO:colcon.colcon_core.plugin_system:Skipping extension 'colcon_notification.desktop_notification.notify_send': Could not find 'notify-send'
[2.920s] INFO:colcon.colcon_core.plugin_system:Skipping extension 'colcon_notification.desktop_notification.terminal_notifier': Not used on non-Darwin systems
[2.920s] INFO:colcon.colcon_core.plugin_system:Skipping extension 'colcon_notification.desktop_notification.win32': Not used on non-Windows systems
[2.920s] INFO:colcon.colcon_notification.desktop_notification:Sending desktop notification using 'notify2'
[2.921s] DEBUG:colcon.colcon_notification.desktop_notification.notify2:Failed to initialize notify2: org.freedesktop.DBus.Error.FileNotFound: Failed to connect to socket /run/user/1000/bus: No such file or directory
[2.922s] DEBUG:colcon.colcon_core.event_reactor:joined thread
[2.922s] INFO:colcon.colcon_core.shell:Creating prefix script '/home/yuxuan/ros2_ws/src/ROS2_wear_weather/install/local_setup.ps1'
[2.925s] INFO:colcon.colcon_core.shell:Creating prefix util module '/home/yuxuan/ros2_ws/src/ROS2_wear_weather/install/_local_setup_util_ps1.py'
[2.928s] INFO:colcon.colcon_core.shell:Creating prefix chain script '/home/yuxuan/ros2_ws/src/ROS2_wear_weather/install/setup.ps1'
[2.931s] INFO:colcon.colcon_core.shell:Creating prefix script '/home/yuxuan/ros2_ws/src/ROS2_wear_weather/install/local_setup.sh'
[2.932s] INFO:colcon.colcon_core.shell:Creating prefix util module '/home/yuxuan/ros2_ws/src/ROS2_wear_weather/install/_local_setup_util_sh.py'
[2.934s] INFO:colcon.colcon_core.shell:Creating prefix chain script '/home/yuxuan/ros2_ws/src/ROS2_wear_weather/install/setup.sh'
[2.938s] INFO:colcon.colcon_core.shell:Creating prefix script '/home/yuxuan/ros2_ws/src/ROS2_wear_weather/install/local_setup.bash'
[2.941s] INFO:colcon.colcon_core.shell:Creating prefix chain script '/home/yuxuan/ros2_ws/src/ROS2_wear_weather/install/setup.bash'
[2.944s] INFO:colcon.colcon_core.shell:Creating prefix script '/home/yuxuan/ros2_ws/src/ROS2_wear_weather/install/local_setup.zsh'
[2.946s] INFO:colcon.colcon_core.shell:Creating prefix chain script '/home/yuxuan/ros2_ws/src/ROS2_wear_weather/install/setup.zsh'
