/home/yuxuan/ros2_ws/src/ROS2_wear_weather/install/wear_advisor/lib/python3.10/site-packages/wear_advisor/wear_print.py
/home/yuxuan/ros2_ws/src/ROS2_wear_weather/install/wear_advisor/lib/python3.10/site-packages/wear_advisor/wear_pub.py
/home/yuxuan/ros2_ws/src/ROS2_wear_weather/install/wear_advisor/lib/python3.10/site-packages/wear_advisor/__init__.py
/home/yuxuan/ros2_ws/src/ROS2_wear_weather/install/wear_advisor/lib/python3.10/site-packages/wear_advisor/wear_node.py
/home/yuxuan/ros2_ws/src/ROS2_wear_weather/install/wear_advisor/lib/python3.10/site-packages/wear_advisor/__pycache__/wear_print.cpython-310.pyc
/home/yuxuan/ros2_ws/src/ROS2_wear_weather/install/wear_advisor/lib/python3.10/site-packages/wear_advisor/__pycache__/wear_pub.cpython-310.pyc
/home/yuxuan/ros2_ws/src/ROS2_wear_weather/install/wear_advisor/lib/python3.10/site-packages/wear_advisor/__pycache__/__init__.cpython-310.pyc
/home/yuxuan/ros2_ws/src/ROS2_wear_weather/install/wear_advisor/lib/python3.10/site-packages/wear_advisor/__pycache__/wear_node.cpython-310.pyc
/home/yuxuan/ros2_ws/src/ROS2_wear_weather/install/wear_advisor/share/ament_index/resource_index/packages/wear_advisor
/home/yuxuan/ros2_ws/src/ROS2_wear_weather/install/wear_advisor/share/wear_advisor/package.xml
/home/yuxuan/ros2_ws/src/ROS2_wear_weather/install/wear_advisor/lib/python3.10/site-packages/wear_advisor-0.0.0-py3.10.egg-info/dependency_links.txt
/home/yuxuan/ros2_ws/src/ROS2_wear_weather/install/wear_advisor/lib/python3.10/site-packages/wear_advisor-0.0.0-py3.10.egg-info/entry_points.txt
/home/yuxuan/ros2_ws/src/ROS2_wear_weather/install/wear_advisor/lib/python3.10/site-packages/wear_advisor-0.0.0-py3.10.egg-info/top_level.txt
/home/yuxuan/ros2_ws/src/ROS2_wear_weather/install/wear_advisor/lib/python3.10/site-packages/wear_advisor-0.0.0-py3.10.egg-info/PKG-INFO
/home/yuxuan/ros2_ws/src/ROS2_wear_weather/install/wear_advisor/lib/python3.10/site-packages/wear_advisor-0.0.0-py3.10.egg-info/zip-safe
/home/yuxuan/ros2_ws/src/ROS2_wear_weather/install/wear_advisor/lib/python3.10/site-packages/wear_advisor-0.0.0-py3.10.egg-info/requires.txt
/home/yuxuan/ros2_ws/src/ROS2_wear_weather/install/wear_advisor/lib/python3.10/site-packages/wear_advisor-0.0.0-py3.10.egg-info/SOURCES.txt
/home/yuxuan/ros2_ws/src/ROS2_wear_weather/install/wear_advisor/lib/wear_advisor/wear_node
/home/yuxuan/ros2_ws/src/ROS2_wear_weather/install/wear_advisor/lib/wear_advisor/wear_print
/home/yuxuan/ros2_ws/src/ROS2_wear_weather/install/wear_advisor/lib/wear_advisor/wear_pub
