running egg_info
creating ../build/wear_advisor/wear_advisor.egg-info
writing ../build/wear_advisor/wear_advisor.egg-info/PKG-INFO
writing dependency_links to ../build/wear_advisor/wear_advisor.egg-info/dependency_links.txt
writing entry points to ../build/wear_advisor/wear_advisor.egg-info/entry_points.txt
writing requirements to ../build/wear_advisor/wear_advisor.egg-info/requires.txt
writing top-level names to ../build/wear_advisor/wear_advisor.egg-info/top_level.txt
writing manifest file '../build/wear_advisor/wear_advisor.egg-info/SOURCES.txt'
reading manifest file '../build/wear_advisor/wear_advisor.egg-info/SOURCES.txt'
writing manifest file '../build/wear_advisor/wear_advisor.egg-info/SOURCES.txt'
running build
running build_py
creating /home/yuxuan/ros2_ws/src/ROS2_wear_weather/build/wear_advisor/build
creating /home/yuxuan/ros2_ws/src/ROS2_wear_weather/build/wear_advisor/build/lib
creating /home/yuxuan/ros2_ws/src/ROS2_wear_weather/build/wear_advisor/build/lib/wear_advisor
copying wear_advisor/wear_print.py -> /home/yuxuan/ros2_ws/src/ROS2_wear_weather/build/wear_advisor/build/lib/wear_advisor
copying wear_advisor/wear_pub.py -> /home/yuxuan/ros2_ws/src/ROS2_wear_weather/build/wear_advisor/build/lib/wear_advisor
copying wear_advisor/__init__.py -> /home/yuxuan/ros2_ws/src/ROS2_wear_weather/build/wear_advisor/build/lib/wear_advisor
copying wear_advisor/wear_node.py -> /home/yuxuan/ros2_ws/src/ROS2_wear_weather/build/wear_advisor/build/lib/wear_advisor
running install
running install_lib
creating /home/yuxuan/ros2_ws/src/ROS2_wear_weather/install/wear_advisor/lib/python3.10/site-packages/wear_advisor
copying /home/yuxuan/ros2_ws/src/ROS2_wear_weather/build/wear_advisor/build/lib/wear_advisor/wear_print.py -> /home/yuxuan/ros2_ws/src/ROS2_wear_weather/install/wear_advisor/lib/python3.10/site-packages/wear_advisor
copying /home/yuxuan/ros2_ws/src/ROS2_wear_weather/build/wear_advisor/build/lib/wear_advisor/wear_pub.py -> /home/yuxuan/ros2_ws/src/ROS2_wear_weather/install/wear_advisor/lib/python3.10/site-packages/wear_advisor
copying /home/yuxuan/ros2_ws/src/ROS2_wear_weather/build/wear_advisor/build/lib/wear_advisor/__init__.py -> /home/yuxuan/ros2_ws/src/ROS2_wear_weather/install/wear_advisor/lib/python3.10/site-packages/wear_advisor
copying /home/yuxuan/ros2_ws/src/ROS2_wear_weather/build/wear_advisor/build/lib/wear_advisor/wear_node.py -> /home/yuxuan/ros2_ws/src/ROS2_wear_weather/install/wear_advisor/lib/python3.10/site-packages/wear_advisor
byte-compiling /home/yuxuan/ros2_ws/src/ROS2_wear_weather/install/wear_advisor/lib/python3.10/site-packages/wear_advisor/wear_print.py to wear_print.cpython-310.pyc
byte-compiling /home/yuxuan/ros2_ws/src/ROS2_wear_weather/install/wear_advisor/lib/python3.10/site-packages/wear_advisor/wear_pub.py to wear_pub.cpython-310.pyc
byte-compiling /home/yuxuan/ros2_ws/src/ROS2_wear_weather/install/wear_advisor/lib/python3.10/site-packages/wear_advisor/__init__.py to __init__.cpython-310.pyc
byte-compiling /home/yuxuan/ros2_ws/src/ROS2_wear_weather/install/wear_advisor/lib/python3.10/site-packages/wear_advisor/wear_node.py to wear_node.cpython-310.pyc
running install_data
creating /home/yuxuan/ros2_ws/src/ROS2_wear_weather/install/wear_advisor/share/ament_index
creating /home/yuxuan/ros2_ws/src/ROS2_wear_weather/install/wear_advisor/share/ament_index/resource_index
creating /home/yuxuan/ros2_ws/src/ROS2_wear_weather/install/wear_advisor/share/ament_index/resource_index/packages
copying resource/wear_advisor -> /home/yuxuan/ros2_ws/src/ROS2_wear_weather/install/wear_advisor/share/ament_index/resource_index/packages
copying package.xml -> /home/yuxuan/ros2_ws/src/ROS2_wear_weather/install/wear_advisor/share/wear_advisor
running install_egg_info
Copying ../build/wear_advisor/wear_advisor.egg-info to /home/yuxuan/ros2_ws/src/ROS2_wear_weather/install/wear_advisor/lib/python3.10/site-packages/wear_advisor-0.0.0-py3.10.egg-info
running install_scripts
Installing wear_node script to /home/yuxuan/ros2_ws/src/ROS2_wear_weather/install/wear_advisor/lib/wear_advisor
Installing wear_print script to /home/yuxuan/ros2_ws/src/ROS2_wear_weather/install/wear_advisor/lib/wear_advisor
Installing wear_pub script to /home/yuxuan/ros2_ws/src/ROS2_wear_weather/install/wear_advisor/lib/wear_advisor
writing list of installed files to '/home/yuxuan/ros2_ws/src/ROS2_wear_weather/build/wear_advisor/install.log'
