[1.007s] Invoking command in '/home/yuxuan/ros2_ws/src/ROS2_wear_weather/wear_advisor': PYTHONPATH=/home/yuxuan/ros2_ws/src/ROS2_wear_weather/build/wear_advisor/prefix_override:/usr/lib/python3/dist-packages/colcon_core/task/python/colcon_distutils_commands:/home/yuxuan/ros2_ws/src/ROS2_wear_weather/install/wear_advisor/lib/python3.10/site-packages:${PYTHONPATH} /usr/bin/python3 -W ignore:setup.py install is deprecated -W ignore:easy_install command is deprecated setup.py egg_info --egg-base ../build/wear_advisor build --build-base /home/yuxuan/ros2_ws/src/ROS2_wear_weather/build/wear_advisor/build install --record /home/yuxuan/ros2_ws/src/ROS2_wear_weather/build/wear_advisor/install.log --single-version-externally-managed install_data
[1.339s] running egg_info
[1.340s] creating ../build/wear_advisor/wear_advisor.egg-info
[1.341s] writing ../build/wear_advisor/wear_advisor.egg-info/PKG-INFO
[1.343s] writing dependency_links to ../build/wear_advisor/wear_advisor.egg-info/dependency_links.txt
[1.344s] writing entry points to ../build/wear_advisor/wear_advisor.egg-info/entry_points.txt
[1.345s] writing requirements to ../build/wear_advisor/wear_advisor.egg-info/requires.txt
[1.346s] writing top-level names to ../build/wear_advisor/wear_advisor.egg-info/top_level.txt
[1.346s] writing manifest file '../build/wear_advisor/wear_advisor.egg-info/SOURCES.txt'
[1.350s] reading manifest file '../build/wear_advisor/wear_advisor.egg-info/SOURCES.txt'
[1.351s] writing manifest file '../build/wear_advisor/wear_advisor.egg-info/SOURCES.txt'
[1.352s] running build
[1.352s] running build_py
[1.352s] creating /home/yuxuan/ros2_ws/src/ROS2_wear_weather/build/wear_advisor/build
[1.353s] creating /home/yuxuan/ros2_ws/src/ROS2_wear_weather/build/wear_advisor/build/lib
[1.355s] creating /home/yuxuan/ros2_ws/src/ROS2_wear_weather/build/wear_advisor/build/lib/wear_advisor
[1.356s] copying wear_advisor/wear_print.py -> /home/yuxuan/ros2_ws/src/ROS2_wear_weather/build/wear_advisor/build/lib/wear_advisor
[1.357s] copying wear_advisor/wear_pub.py -> /home/yuxuan/ros2_ws/src/ROS2_wear_weather/build/wear_advisor/build/lib/wear_advisor
[1.358s] copying wear_advisor/__init__.py -> /home/yuxuan/ros2_ws/src/ROS2_wear_weather/build/wear_advisor/build/lib/wear_advisor
[1.359s] copying wear_advisor/wear_node.py -> /home/yuxuan/ros2_ws/src/ROS2_wear_weather/build/wear_advisor/build/lib/wear_advisor
[1.361s] running install
[1.361s] running install_lib
[1.363s] creating /home/yuxuan/ros2_ws/src/ROS2_wear_weather/install/wear_advisor/lib/python3.10/site-packages/wear_advisor
[1.364s] copying /home/yuxuan/ros2_ws/src/ROS2_wear_weather/build/wear_advisor/build/lib/wear_advisor/wear_print.py -> /home/yuxuan/ros2_ws/src/ROS2_wear_weather/install/wear_advisor/lib/python3.10/site-packages/wear_advisor
[1.365s] copying /home/yuxuan/ros2_ws/src/ROS2_wear_weather/build/wear_advisor/build/lib/wear_advisor/wear_pub.py -> /home/yuxuan/ros2_ws/src/ROS2_wear_weather/install/wear_advisor/lib/python3.10/site-packages/wear_advisor
[1.366s] copying /home/yuxuan/ros2_ws/src/ROS2_wear_weather/build/wear_advisor/build/lib/wear_advisor/__init__.py -> /home/yuxuan/ros2_ws/src/ROS2_wear_weather/install/wear_advisor/lib/python3.10/site-packages/wear_advisor
[1.366s] copying /home/yuxuan/ros2_ws/src/ROS2_wear_weather/build/wear_advisor/build/lib/wear_advisor/wear_node.py -> /home/yuxuan/ros2_ws/src/ROS2_wear_weather/install/wear_advisor/lib/python3.10/site-packages/wear_advisor
[1.367s] byte-compiling /home/yuxuan/ros2_ws/src/ROS2_wear_weather/install/wear_advisor/lib/python3.10/site-packages/wear_advisor/wear_print.py to wear_print.cpython-310.pyc
[1.370s] byte-compiling /home/yuxuan/ros2_ws/src/ROS2_wear_weather/install/wear_advisor/lib/python3.10/site-packages/wear_advisor/wear_pub.py to wear_pub.cpython-310.pyc
[1.371s] byte-compiling /home/yuxuan/ros2_ws/src/ROS2_wear_weather/install/wear_advisor/lib/python3.10/site-packages/wear_advisor/__init__.py to __init__.cpython-310.pyc
[1.372s] byte-compiling /home/yuxuan/ros2_ws/src/ROS2_wear_weather/install/wear_advisor/lib/python3.10/site-packages/wear_advisor/wear_node.py to wear_node.cpython-310.pyc
[1.374s] running install_data
[1.375s] creating /home/yuxuan/ros2_ws/src/ROS2_wear_weather/install/wear_advisor/share/ament_index
[1.376s] creating /home/yuxuan/ros2_ws/src/ROS2_wear_weather/install/wear_advisor/share/ament_index/resource_index
[1.377s] creating /home/yuxuan/ros2_ws/src/ROS2_wear_weather/install/wear_advisor/share/ament_index/resource_index/packages
[1.378s] copying resource/wear_advisor -> /home/yuxuan/ros2_ws/src/ROS2_wear_weather/install/wear_advisor/share/ament_index/resource_index/packages
[1.379s] copying package.xml -> /home/yuxuan/ros2_ws/src/ROS2_wear_weather/install/wear_advisor/share/wear_advisor
[1.379s] running install_egg_info
[1.383s] Copying ../build/wear_advisor/wear_advisor.egg-info to /home/yuxuan/ros2_ws/src/ROS2_wear_weather/install/wear_advisor/lib/python3.10/site-packages/wear_advisor-0.0.0-py3.10.egg-info
[1.389s] running install_scripts
[1.421s] Installing wear_node script to /home/yuxuan/ros2_ws/src/ROS2_wear_weather/install/wear_advisor/lib/wear_advisor
[1.424s] Installing wear_print script to /home/yuxuan/ros2_ws/src/ROS2_wear_weather/install/wear_advisor/lib/wear_advisor
[1.425s] Installing wear_pub script to /home/yuxuan/ros2_ws/src/ROS2_wear_weather/install/wear_advisor/lib/wear_advisor
[1.425s] writing list of installed files to '/home/yuxuan/ros2_ws/src/ROS2_wear_weather/build/wear_advisor/install.log'
[1.470s] Invoked command in '/home/yuxuan/ros2_ws/src/ROS2_wear_weather/wear_advisor' returned '0': PYTHONPATH=/home/yuxuan/ros2_ws/src/ROS2_wear_weather/build/wear_advisor/prefix_override:/usr/lib/python3/dist-packages/colcon_core/task/python/colcon_distutils_commands:/home/yuxuan/ros2_ws/src/ROS2_wear_weather/install/wear_advisor/lib/python3.10/site-packages:${PYTHONPATH} /usr/bin/python3 -W ignore:setup.py install is deprecated -W ignore:easy_install command is deprecated setup.py egg_info --egg-base ../build/wear_advisor build --build-base /home/yuxuan/ros2_ws/src/ROS2_wear_weather/build/wear_advisor/build install --record /home/yuxuan/ros2_ws/src/ROS2_wear_weather/build/wear_advisor/install.log --single-version-externally-managed install_data
